Log file open, 06/10/17 13:16:19
LogInit:Display: Running engine for game: SwitchZenTowerUE4
LogPlatformFile: Not using cached read wrapper
LogInit:Display: RandInit(-1295802252) SRandInit(-1295802252).
LogTaskGraph: Started task graph with 5 named threads and 6 total threads with 1 sets of task threads.
LogStats: Stats thread started at 0.200288
LogInit: Using libcurl 7.47.1
LogInit:  - built for x86_64-pc-win32
LogInit:  - supports SSL with OpenSSL/1.0.2g
LogInit:  - supports HTTP deflate (compression) using libz 1.2.8
LogInit:  - other features:
LogInit:      CURL_VERSION_SSL
LogInit:      CURL_VERSION_LIBZ
LogInit:      CURL_VERSION_IPV6
LogInit:      CURL_VERSION_ASYNCHDNS
LogInit:      CURL_VERSION_LARGEFILE
LogInit:      CURL_VERSION_IDN
LogInit:  CurlRequestOptions (configurable via config and command line):
LogInit:  - bVerifyPeer = false  - Libcurl will NOT verify peer certificate
LogInit:  - bUseHttpProxy = false  - Libcurl will NOT use HTTP proxy
LogInit:  - bDontReuseConnections = false  - Libcurl will reuse connections
LogInit:  - CertBundlePath = nullptr  - Libcurl will use whatever was configured at build time.
LogInit: Build: ++UE4+Release-4.16-CL-3466753
LogInit: Engine Version: 4.16.1-3466753+++UE4+Release-4.16
LogInit: Compatible Engine Version: 4.16.0-3452394+++UE4+Release-4.16
LogInit: Net CL: 3452394
LogDevObjectVersion: Number of dev versions registered: 16
LogDevObjectVersion:   Dev-Blueprints (B0D832E4-1F89-4F0D-ACCF-7EB736FD4AA2): 9
LogDevObjectVersion:   Dev-Build (E1C64328-A22C-4D53-A36C-8E866417BD8C): 0
LogDevObjectVersion:   Dev-Core (375EC13C-06E4-48FB-B500-84F0262A717E): 2
LogDevObjectVersion:   Dev-Editor (E4B068ED-F494-42E9-A231-DA0B2E46BB41): 17
LogDevObjectVersion:   Dev-Framework (CFFC743F-43B0-4480-9391-14DF171D2073): 23
LogDevObjectVersion:   Dev-Mobile (B02B49B5-BB20-44E9-A304-32B752E40360): 0
LogDevObjectVersion:   Dev-Networking (A4E4105C-59A1-49B5-A7C5-40C4547EDFEE): 0
LogDevObjectVersion:   Dev-Online (39C831C9-5AE6-47DC-9A44-9C173E1C8E7C): 0
LogDevObjectVersion:   Dev-Physics (78F01B33-EBEA-4F98-B9B4-84EACCB95AA2): 0
LogDevObjectVersion:   Dev-Platform (6631380F-2D4D-43E0-8009-CF276956A95A): 0
LogDevObjectVersion:   Dev-Rendering (12F88B9F-8875-4AFC-A67C-D90C383ABD29): 15
LogDevObjectVersion:   Dev-Sequencer (7B5AE74C-D270-4C10-A958-57980B212A5A): 4
LogDevObjectVersion:   Dev-VR (D7296918-1DD6-4BDD-9DE2-64A83CC13884): 0
LogDevObjectVersion:   Dev-LoadTimes (C2A15278-BFE7-4AFE-6C17-90FF531DF755): 1
LogDevObjectVersion:   Private-Geometry (6EACA3D4-40EC-4CC1-B786-8BED09428FC5): 1
LogDevObjectVersion:   Dev-AnimPhys (29E575DD-E0A3-4627-9D10-D276232CDCEA): 3
LogInit: Compiled (64-bit): May 31 2017 02:03:30
LogInit: Compiled with Visual C++: 19.00.24215.01
LogInit: Build Configuration: Development
LogInit: Branch Name: ++UE4+Release-4.16
LogInit: Command line: -EpicPortal 
LogInit: Base directory: C:/Program Files/Epic Games/UE_4.16/Engine/Binaries/Win64/
LogInit: Installed Engine Build: 1
LogInit: Presizing for max 8388607 objects, including 0 objects not considered by GC, pre-allocating 0 bytes for permanent pool.
LogInit: Object subsystem initialized
[2017.06.10-11.16.20:870][  0]LogInit: Selected Device Profile: [Windows]
[2017.06.10-11.16.20:870][  0]LogInit: Applying CVar settings loaded from the selected device profile: [Windows]
[2017.06.10-11.16.20:886][  0]LogInit: Computer: CLOUD-THINKPAD
[2017.06.10-11.16.20:886][  0]LogInit: User: Cloud
[2017.06.10-11.16.20:886][  0]LogInit: CPU Page size=4096, Cores=2
[2017.06.10-11.16.20:886][  0]LogInit: High frequency timer resolution =2.240966 MHz
[2017.06.10-11.16.20:887][  0]LogMemory: Memory total: Physical=7.7GB (8GB approx)
[2017.06.10-11.16.20:887][  0]LogMemory: Platform Memory Stats for Windows
[2017.06.10-11.16.20:887][  0]LogMemory: Process Physical Memory: 272.39 MB used, 272.39 MB peak
[2017.06.10-11.16.20:887][  0]LogMemory: Process Virtual Memory: 260.87 MB used, 260.87 MB peak
[2017.06.10-11.16.20:887][  0]LogMemory: Physical Memory: 5089.32 MB used,  2790.36 MB free, 7879.67 MB total
[2017.06.10-11.16.20:887][  0]LogMemory: Virtual Memory: 615.00 MB used,  2790.36 MB free, 8388608.00 MB total
[2017.06.10-11.16.21:084][  0]LogInit: Using OS detected language (de-AT).
[2017.06.10-11.16.21:084][  0]LogInit: Using OS detected locale (de-AT).
[2017.06.10-11.16.21:094][  0]LogTextLocalizationManager: No localization for 'de-AT' exists, so 'en' will be used for the language.
[2017.06.10-11.16.21:095][  0]LogTextLocalizationManager: No localization for 'de-AT' exists, so 'en' will be used for the locale.
[2017.06.10-11.16.23:472][  0]LogD3D11RHI: D3D11 adapters:
[2017.06.10-11.16.23:488][  0]LogD3D11RHI:    0. 'Intel(R) HD Graphics Family' (Feature Level 11_0)
[2017.06.10-11.16.23:488][  0]LogD3D11RHI:       64/0/1632 MB DedicatedVideo/DedicatedSystem/SharedSystem, Outputs:1, VendorId:0x8086
[2017.06.10-11.16.23:488][  0]LogD3D11RHI: Chosen D3D11 Adapter: 0
[2017.06.10-11.16.23:498][  0]LogD3D11RHI: Creating new Direct3DDevice
[2017.06.10-11.16.23:498][  0]LogD3D11RHI:     GPU DeviceId: 0xa16 (for the marketing name, search the web for "GPU Device Id")
[2017.06.10-11.16.23:498][  0]LogWindows: EnumDisplayDevices:
[2017.06.10-11.16.23:499][  0]LogWindows:    0. 'Intel(R) HD Graphics Family' (P:1 D:1)
[2017.06.10-11.16.23:499][  0]LogWindows:    1. 'Intel(R) HD Graphics Family' (P:0 D:0)
[2017.06.10-11.16.23:500][  0]LogWindows:    2. 'Intel(R) HD Graphics Family' (P:0 D:0)
[2017.06.10-11.16.23:500][  0]LogWindows:    3. 'RDPDD Chained DD' (P:0 D:0)
[2017.06.10-11.16.23:501][  0]LogWindows:    4. 'RDP Encoder Mirror Driver' (P:0 D:0)
[2017.06.10-11.16.23:501][  0]LogWindows:    5. 'RDP Reflector Display Driver' (P:0 D:0)
[2017.06.10-11.16.23:501][  0]LogWindows: DebugString: GetVideoDriverDetailsInvalid PrimaryIsNotTheChoosenAdapter GetVideoDriverDetailsInvalid PrimaryIsNotTheChoosenAdapter GetVideoDriverDetailsInvalid PrimaryIsNotTheChoosenAdapter FoundDriverCount:3 
[2017.06.10-11.16.23:501][  0]LogD3D11RHI:     Adapter Name: Intel(R) HD Graphics Family
[2017.06.10-11.16.23:501][  0]LogD3D11RHI:   Driver Version: 10.18.14.4139 (internal:10.18.14.4139, unified:10.18.14.4139)
[2017.06.10-11.16.23:501][  0]LogD3D11RHI:      Driver Date: 2-18-2015
[2017.06.10-11.16.23:501][  0]LogRHI: Texture pool is 616 MB (70% of 880 MB)
[2017.06.10-11.16.23:516][  0]LogD3D11RHI: Async texture creation enabled
[2017.06.10-11.16.23:526][  0]LogD3D11RHI: GPU Timing Frequency: 12.500000 (Debug: 2 0)
[2017.06.10-11.16.23:528][  0]LogShaderCompilers: Guid format shader working directory is -44 characters bigger than the processId version (../../../../../../Users/Cloud/Documents/Unreal Projects/switch-zen-tower/SwitchZenTowerUE4/Intermediate/Shaders/WorkingDirectory/7288/).
[2017.06.10-11.16.23:528][  0]LogShaderCompilers: Cleaned the shader compiler working directory 'C:/Users/Cloud/AppData/Local/Temp/UnrealShaderWorkingDir/9E16BC804DA42FF8B28D2A852C6AA5B3/'.
[2017.06.10-11.16.23:528][  0]LogShaderCompilers:Display: Using Local Shader Compiler.
[2017.06.10-11.16.26:380][  0]LogTemp:Display: Loaded TP AllDesktopTargetPlatform
[2017.06.10-11.16.26:514][  0]LogTemp:Display: Loaded TP MacClientTargetPlatform
[2017.06.10-11.16.26:643][  0]LogTemp:Display: Loaded TP MacNoEditorTargetPlatform
[2017.06.10-11.16.26:772][  0]LogTemp:Display: Loaded TP MacServerTargetPlatform
[2017.06.10-11.16.26:903][  0]LogTemp:Display: Loaded TP MacTargetPlatform
[2017.06.10-11.16.27:034][  0]LogTemp:Display: Loaded TP WindowsClientTargetPlatform
[2017.06.10-11.16.27:166][  0]LogTemp:Display: Loaded TP WindowsNoEditorTargetPlatform
[2017.06.10-11.16.27:307][  0]LogTemp:Display: Loaded TP WindowsServerTargetPlatform
[2017.06.10-11.16.27:429][  0]LogTemp:Display: Loaded TP WindowsTargetPlatform
[2017.06.10-11.16.27:559][  0]LogTemp:Display: Loaded TP AndroidTargetPlatform
[2017.06.10-11.16.27:695][  0]LogTemp:Display: Loaded TP Android_ASTCTargetPlatform
[2017.06.10-11.16.27:818][  0]LogTemp:Display: Loaded TP Android_ATCTargetPlatform
[2017.06.10-11.16.27:964][  0]LogTemp:Display: Loaded TP Android_DXTTargetPlatform
[2017.06.10-11.16.28:122][  0]LogTemp:Display: Loaded TP Android_ETC1TargetPlatform
[2017.06.10-11.16.28:264][  0]LogTemp:Display: Loaded TP Android_ETC2TargetPlatform
[2017.06.10-11.16.28:550][  0]LogTemp:Display: Loaded TP Android_MultiTargetPlatform
[2017.06.10-11.16.28:550][  0]LogTemp:Display: Loaded TP Android_PVRTCTargetPlatform
[2017.06.10-11.16.28:673][  0]LogTemp:Display: Loaded TP HTML5TargetPlatform
[2017.06.10-11.16.28:957][  0]LogTemp:Display: Loaded TP IOSTargetPlatform
[2017.06.10-11.16.29:030][  0]LogTemp:Display: Loaded TP TVOSTargetPlatform
[2017.06.10-11.16.29:164][  0]LogTemp:Display: Loaded TP LinuxClientTargetPlatform
[2017.06.10-11.16.29:301][  0]LogTemp:Display: Loaded TP LinuxNoEditorTargetPlatform
[2017.06.10-11.16.29:441][  0]LogTemp:Display: Loaded TP LinuxServerTargetPlatform
[2017.06.10-11.16.29:569][  0]LogTemp:Display: Loaded TP LinuxTargetPlatform
[2017.06.10-11.16.29:569][  0]LogTargetPlatformManager:Display: Building Assets For Windows
[2017.06.10-11.16.30:678][  0]LogDerivedDataCache:Display: Max Cache Size: 512 MB
[2017.06.10-11.16.30:890][  0]LogDerivedDataCache: Loaded boot cache 0.21s 90MB C:/Users/Cloud/AppData/Local/UnrealEngine/4.16/DerivedDataCache/Boot.ddc.
[2017.06.10-11.16.30:890][  0]LogDerivedDataCache:Display: Loaded Boot cache: C:/Users/Cloud/AppData/Local/UnrealEngine/4.16/DerivedDataCache/Boot.ddc
[2017.06.10-11.16.30:890][  0]LogDerivedDataCache: FDerivedDataBackendGraph:  Pak pak cache file ../../../../../../Users/Cloud/Documents/Unreal Projects/switch-zen-tower/SwitchZenTowerUE4/DerivedDataCache/DDC.ddp not found, will not use a pak cache.
[2017.06.10-11.16.30:890][  0]LogDerivedDataCache: Unable to find inner node Pak for hierarchical cache Hierarchy.
[2017.06.10-11.16.30:890][  0]LogDerivedDataCache: FDerivedDataBackendGraph:  CompressedPak pak cache file ../../../../../../Users/Cloud/Documents/Unreal Projects/switch-zen-tower/SwitchZenTowerUE4/DerivedDataCache/Compressed.ddp not found, will not use a pak cache.
[2017.06.10-11.16.30:890][  0]LogDerivedDataCache: Unable to find inner node CompressedPak for hierarchical cache Hierarchy.
[2017.06.10-11.16.30:933][  0]LogDerivedDataCache:Display: Pak cache opened for reading ../../../Engine/DerivedDataCache/Compressed.ddp.
[2017.06.10-11.16.30:945][  0]LogDerivedDataCache: Using Local data cache path C:/Users/Cloud/AppData/Local/UnrealEngine/Common/DerivedDataCache: Writable
[2017.06.10-11.16.30:967][  0]LogMaterial: Verifying Global Shaders for PCD3D_SM5
[2017.06.10-11.16.30:968][  0]LogSlate: Using Freetype 2.6.0
[2017.06.10-11.16.30:969][  0]LogSlate: SlateFontCache - WITH_FREETYPE: 1, WITH_HARFBUZZ: 1
[2017.06.10-11.16.30:969][  0]LogSlate: SlateFontCache - WITH_FREETYPE: 1, WITH_HARFBUZZ: 1
[2017.06.10-11.16.31:937][  0]LogInit: Selected Device Profile: [Windows]
[2017.06.10-11.16.31:945][  0]LogContentStreaming: Texture pool size is 0.00 MB
[2017.06.10-11.16.32:509][  0]LogMeshUtilities: Using QuadricMeshReduction for automatic static mesh reduction
[2017.06.10-11.16.32:629][  0]LogSimplygon: Simplygon DLL not present - disabling.
[2017.06.10-11.16.32:749][  0]LogMeshUtilities: Using SimplygonSwarm for distributed automatic mesh merging
[2017.06.10-11.16.32:749][  0]LogMeshUtilities: No automatic skeletal mesh reduction module available
[2017.06.10-11.16.32:749][  0]LogMeshUtilities: No automatic mesh merging module available
[2017.06.10-11.16.34:027][  0]LogNetVersion: SwitchZenTowerUE4 , NetCL: 3452394, EngineNetVer: 2, GameNetVer: 0 (Checksum: 3656238997)
[2017.06.10-11.16.34:130][  0]LogAssetRegistry: FAssetRegistry took 0.0290 seconds to start up
[2017.06.10-11.16.34:212][  0]LogPackageLocalizationCache: Processed 4 localized package path(s) for 1 prioritized culture(s) in 0.037686 seconds
[2017.06.10-11.16.34:230][  0]LogUObjectArray: 34194 objects as part of root set at end of initial load.
[2017.06.10-11.16.34:230][  0]LogUObjectAllocator: 7260416 out of 0 bytes used by permanent object pool.
[2017.06.10-11.16.34:230][  0]LogUObjectArray: CloseDisregardForGC: 0/0 objects in disregard for GC pool
[2017.06.10-11.16.34:397][  0]LogInit: WinSock: version 1.1 (2.2), MaxSocks=32767, MaxUdp=65467
[2017.06.10-11.16.41:045][  0]LogTcpMessaging: Initializing TcpMessaging bridge
[2017.06.10-11.16.41:130][  0]LogUdpMessaging: Initializing bridge on interface 0.0.0.0:0 to multicast group 230.0.0.1:6666.
[2017.06.10-11.16.42:325][  0]LogMaterial: Uniform references updated for custom material expression Custom.
[2017.06.10-11.16.43:286][  0]SourceControl: Info Source control is disabled
[2017.06.10-11.16.43:379][  0]SourceControl: Info Source control is disabled
[2017.06.10-11.16.43:499][  0]SourceControl: Info Source control is disabled
[2017.06.10-11.16.43:611][  0]SourceControl: Info Source control is disabled
[2017.06.10-11.16.45:215][  0]LogAndroidPermission: UAndroidPermissionCallbackProxy::GetInstance
[2017.06.10-11.16.46:610][  0]LogEngine: Initializing Engine...
[2017.06.10-11.16.46:612][  0]LogHMD: Failed to initialize OpenVR with code 110
[2017.06.10-11.16.47:235][  0]LogStats: UGameplayTagsManager::ConstructGameplayTagTree: Construct from data asset -  0.000 s
[2017.06.10-11.16.47:235][  0]LogStats: UGameplayTagsManager::ConstructGameplayTagTree: GameplayTagTreeChangedEvent.Broadcast -  0.000 s
[2017.06.10-11.16.47:540][  0]LogAIModule: Creating AISystem for world Untitled
[2017.06.10-11.16.47:571][  0]LogInit: XAudio2 using 'Lautsprecher/Kopfhörer (Realtek High Definition Audio)' : 2 channels at 48 kHz using 32 bits per sample (channel mask 0x3)
[2017.06.10-11.16.47:645][  0]LogInit: FAudioDevice initialized.
[2017.06.10-11.16.47:724][  0]LogDerivedDataCache: Saved boot cache 0.08s 90MB C:/Users/Cloud/AppData/Local/UnrealEngine/4.16/DerivedDataCache/Boot.ddc.
[2017.06.10-11.16.47:734][  0]LogInit: Texture streaming: Enabled
[2017.06.10-11.16.47:920][  0]LogEngineSessionManager: EngineSessionManager initialized
[2017.06.10-11.16.48:440][  0]LogInit: Transaction tracking system initialized
[2017.06.10-11.16.49:190][  0]BlueprintLog: New page: Editor Load
[2017.06.10-11.16.51:750][  0]LogInit:Warning: CVar named 'r.MobileHDR' marked up in RendererSettings was not found or is set to read-only
[2017.06.10-11.16.52:273][  0]LocalizationService: Info Localization service is disabled
[2017.06.10-11.16.54:810][  0]LogConsoleResponse:Display: 
[2017.06.10-11.16.55:212][  0]LogCook:Display: Max memory allowance for cook 16384mb min free memory 0mb
[2017.06.10-11.16.55:212][  0]LogCook:Display: Mobile HDR setting 0
[2017.06.10-11.16.56:184][  0]LogFileCache: Scanning file cache for directory 'C:/Users/Cloud/Documents/Unreal Projects/switch-zen-tower/SwitchZenTowerUE4/Content/' took 0.01s
[2017.06.10-11.16.57:971][  0]SourceControl: Info Source control is disabled
[2017.06.10-11.16.57:972][  0]LightingResults: New page: Lighting Build
[2017.06.10-11.16.58:077][  0]MapCheck: New page: Map Check
[2017.06.10-11.16.58:077][  0]LightingResults: New page: Lighting Build
[2017.06.10-11.16.58:895][  0]LogTexture:Display: Building textures: T_ML_Rubber_Blue_01_D (AutoDXT, 512X512)
[2017.06.10-11.16.59:498][  0]LogTexture:Display: Building textures: T_ML_Rubber_Blue_01_N (BC5, 512X512)
[2017.06.10-11.16.59:598][  0]LogTexture:Display: Building textures: T_ML_Aluminum01 (AutoDXT, 512X512)
[2017.06.10-11.17.00:077][  0]LogTexture:Display: Building textures: T_ML_Aluminum01_N (BC5, 512X512)
[2017.06.10-11.17.00:176][  0]LogTexture:Display: Building textures: T_UE4_Mannequin_Mobile_M (AutoDXT, 1024X1024)
[2017.06.10-11.17.00:482][  0]LogTexture:Display: Building textures: T_UE4_Mannequin_Mobile_N (BC5, 1024X1024)
[2017.06.10-11.17.00:785][  0]LogMaterial: Missing cached shader map for material M_UE4Man_Body, compiling. 
[2017.06.10-11.17.01:054][  0]LogMaterial: Missing cached shader map for material M_UE4Man_Body, compiling. 
[2017.06.10-11.17.01:277][  0]LogMaterial: Missing cached shader map for material CubeMaterial, compiling. 
[2017.06.10-11.17.01:373][  0]LogAnimationCompression: Building Anim DDC data for AnimSequence /Game/Mannequin/Animations/ThirdPersonJump_End.ThirdPersonJump_End
[2017.06.10-11.17.01:375][  0]LogAnimationCompression: Building Anim DDC data for AnimSequence /Game/Mannequin/Animations/ThirdPersonJump_Start.ThirdPersonJump_Start
[2017.06.10-11.17.01:421][  0]LogAnimationCompression: Building Anim DDC data for AnimSequence /Game/Mannequin/Animations/ThirdPersonJump_Loop.ThirdPersonJump_Loop
[2017.06.10-11.17.01:497][  0]LogAnimationCompression: Building Anim DDC data for AnimSequence /Game/Mannequin/Animations/ThirdPersonWalk.ThirdPersonWalk
[2017.06.10-11.17.01:597][  0]LogAnimationCompression: Building Anim DDC data for AnimSequence /Game/Mannequin/Animations/ThirdPersonRun.ThirdPersonRun
[2017.06.10-11.17.01:773][  0]LogAnimationCompression: Building Anim DDC data for AnimSequence /Game/Mannequin/Animations/ThirdPersonIdle.ThirdPersonIdle
[2017.06.10-11.17.02:059][  0]LogAIModule: Creating AISystem for world ThirdPersonExampleMap
[2017.06.10-11.17.02:115][  0]LogEditorServer: Finished looking for orphan Actors (0.000 secs)
[2017.06.10-11.17.02:217][  0]Cmd: MAP CHECKDEP NOCLEARLOG
[2017.06.10-11.17.02:542][  0]MapCheck: Info Map check complete: 0 Error(s), 0 Warning(s), took 325.231ms to complete.
[2017.06.10-11.17.02:543][  0]LogFileHelpers: Loading map 'ThirdPersonExampleMap' took 4.572
[2017.06.10-11.17.03:008][  0]LogCollectionManager: Loaded 0 collections in 0.005193 seconds
[2017.06.10-11.17.03:241][  0]LogFileCache: Scanning file cache for directory 'C:/Users/Cloud/Documents/Unreal Projects/switch-zen-tower/SwitchZenTowerUE4/Saved/Collections/' took 0.03s
[2017.06.10-11.17.03:241][  0]LogFileCache: Scanning file cache for directory 'C:/Users/Cloud/Documents/Unreal Projects/switch-zen-tower/SwitchZenTowerUE4/Content/Developers/Cloud/Collections/' took 0.01s
[2017.06.10-11.17.03:241][  0]LogFileCache: Scanning file cache for directory 'C:/Users/Cloud/Documents/Unreal Projects/switch-zen-tower/SwitchZenTowerUE4/Content/Collections/' took 0.01s
[2017.06.10-11.17.03:241][  0]LogCollectionManager: Rebuilt the GUID cache for 0 collections in 0.000004 seconds
[2017.06.10-11.17.03:274][  0]LogContentBrowser: Native class hierarchy populated in 0.0329 seconds. Added 2329 classes and 491 folders.
[2017.06.10-11.17.03:574][  0]LogContentBrowser: Native class hierarchy updated for 'WidgetCarousel' in 0.0018 seconds. Added 0 classes and 0 folders.
[2017.06.10-11.17.03:731][  0]LogContentBrowser: Native class hierarchy updated for 'AddContentDialog' in 0.0018 seconds. Added 0 classes and 0 folders.
[2017.06.10-11.17.03:974][  0]LogContentBrowser: Native class hierarchy updated for 'SceneOutliner' in 0.0017 seconds. Added 1 classes and 2 folders.
[2017.06.10-11.17.04:107][  0]LogCrashTracker: Crashtracker disabled due to settings.
[2017.06.10-11.17.04:126][  0]LogSlate: Took 0.000547 seconds to synchronously load lazily loaded font '../../../Engine/Content/Slate/Fonts/Roboto-Regular.ttf' (155K)
[2017.06.10-11.17.04:132][  0]LogSlate: Took 0.000510 seconds to synchronously load lazily loaded font '../../../Engine/Content/Slate/Fonts/Roboto-Bold.ttf' (160K)
[2017.06.10-11.17.04:151][  0]LogSlate: Took 0.003381 seconds to synchronously load lazily loaded font '../../../Engine/Content/Editor/Slate/Fonts/FontAwesome.ttf' (139K)
[2017.06.10-11.17.04:617][  0]LogRenderer: Reallocating scene render targets to support 1208x568 NumSamples 1 (Frame:1).
[2017.06.10-11.17.06:090][  0]LogUObjectGlobals:Warning: Failed to find object 'Class None.'
[2017.06.10-11.17.06:309][  0]LogContentBrowser: Native class hierarchy updated for 'HierarchicalLODOutliner' in 0.0019 seconds. Added 1 classes and 2 folders.
[2017.06.10-11.17.06:324][  0]LogLoad: (Engine Initialization) Total time: 49.19 seconds
[2017.06.10-11.17.06:324][  0]LogLoad: (Engine Initialization) Total Blueprint compile time: 0.30 seconds
[2017.06.10-11.17.06:324][  0]LogExternalProfiler: No external profilers were discovered.  External profiling features will not be available.
[2017.06.10-11.17.06:349][  0]LogOcInput: OculusInput pre-init called
[2017.06.10-11.17.06:349][  0]LogHMD: Starting GearVRController plugin
[2017.06.10-11.17.06:407][  0]LogContentStreaming: Texture pool size now 600 MB
[2017.06.10-11.17.06:467][  0]LogSlate: Took 0.000516 seconds to synchronously load lazily loaded font '../../../Engine/Content/Slate/Fonts/Roboto-Light.ttf' (159K)
[2017.06.10-11.17.06:827][  3]LogAssetRegistry: Asset discovery search completed in 32.7168 seconds
[2017.06.10-11.17.06:837][  3]LogCollectionManager: Rebuilt the object cache for 0 collections in 0.000003 seconds (found 0 objects)
[2017.06.10-11.17.06:837][  3]LogCollectionManager: Fixed up redirectors for 0 collections in 0.000104 seconds (updated 0 objects)
[2017.06.10-11.17.12:547][122]LogTemp: Repeting last play command: Selected Viewport
[2017.06.10-11.17.12:632][122]LogBlueprintUserMessages: Early PlayInEditor Detection: Level '/Game/ThirdPersonBP/Maps/ThirdPersonExampleMap.ThirdPersonExampleMap:PersistentLevel' has LevelScriptBlueprint '/Game/ThirdPersonBP/Maps/ThirdPersonExampleMap.ThirdPersonExampleMap:PersistentLevel.ThirdPersonExampleMap' with GeneratedClass '/Game/ThirdPersonBP/Maps/ThirdPersonExampleMap.ThirdPersonExampleMap_C' with ClassGeneratedBy '/Game/ThirdPersonBP/Maps/ThirdPersonExampleMap.ThirdPersonExampleMap:PersistentLevel.ThirdPersonExampleMap'
[2017.06.10-11.17.12:632][122]LogPlayLevel: PlayLevel: No blueprints needed recompiling
[2017.06.10-11.17.12:633][122]PIE: New page: PIE session: ThirdPersonExampleMap (Jun 10, 2017, 3:17:12 PM)
[2017.06.10-11.17.12:633][122]LogPlayLevel: Creating play world package: /Game/ThirdPersonBP/Maps/UEDPIE_0_ThirdPersonExampleMap
[2017.06.10-11.17.12:777][122]LogPlayLevel: PIE: StaticDuplicateObject took: (0.143302s)
[2017.06.10-11.17.12:823][122]LogAIModule: Creating AISystem for world ThirdPersonExampleMap
[2017.06.10-11.17.12:824][122]LogPlayLevel: PIE: World Init took: (0.047285s)
[2017.06.10-11.17.12:825][122]LogPlayLevel: PIE: Created PIE world by copying editor world from /Game/ThirdPersonBP/Maps/ThirdPersonExampleMap.ThirdPersonExampleMap to /Game/ThirdPersonBP/Maps/UEDPIE_0_ThirdPersonExampleMap.ThirdPersonExampleMap (0.191637s)
[2017.06.10-11.17.13:099][122]LogInit: XAudio2 using 'Lautsprecher/Kopfhörer (Realtek High Definition Audio)' : 2 channels at 48 kHz using 32 bits per sample (channel mask 0x3)
[2017.06.10-11.17.13:955][122]LogInit: FAudioDevice initialized.
[2017.06.10-11.17.14:104][122]LogLoad: Game class is 'ThirdPersonGameMode_C'
[2017.06.10-11.17.14:110][122]LogWorld: Bringing World /Game/ThirdPersonBP/Maps/UEDPIE_0_ThirdPersonExampleMap.ThirdPersonExampleMap up for play (max tick rate 0) at 2017.06.10-13.17.14
[2017.06.10-11.17.14:111][122]LogWorld: Bringing up level for play took: 0.005214
[2017.06.10-11.17.14:348][122]LogContentBrowser: Native class hierarchy updated for 'MovieSceneCapture' in 0.0021 seconds. Added 11 classes and 0 folders.
[2017.06.10-11.17.14:349][122]PIE: Info Play in editor start time for /Game/ThirdPersonBP/Maps/UEDPIE_0_ThirdPersonExampleMap 1.375
[2017.06.10-11.17.14:350][122]LogBlueprintUserMessages: Late PlayInEditor Detection: Level '/Game/ThirdPersonBP/Maps/ThirdPersonExampleMap.ThirdPersonExampleMap:PersistentLevel' has LevelScriptBlueprint '/Game/ThirdPersonBP/Maps/ThirdPersonExampleMap.ThirdPersonExampleMap:PersistentLevel.ThirdPersonExampleMap' with GeneratedClass '/Game/ThirdPersonBP/Maps/ThirdPersonExampleMap.ThirdPersonExampleMap_C' with ClassGeneratedBy '/Game/ThirdPersonBP/Maps/ThirdPersonExampleMap.ThirdPersonExampleMap:PersistentLevel.ThirdPersonExampleMap'
[2017.06.10-11.17.43:367][753]LogCharacterMovement:Warning: GetSimulationTimeStep() - Max iterations 8 hit while remaining time 0.071167 > MaxSimulationTimeStep (0.050) for 'ThirdPersonCharacter_167', movement 'Walking'
[2017.06.10-11.17.46:647][836]LogBlueprintUserMessages: Early EndPlayMap Detection: Level '/Game/ThirdPersonBP/Maps/ThirdPersonExampleMap.ThirdPersonExampleMap:PersistentLevel' has LevelScriptBlueprint '/Game/ThirdPersonBP/Maps/ThirdPersonExampleMap.ThirdPersonExampleMap:PersistentLevel.ThirdPersonExampleMap' with GeneratedClass '/Game/ThirdPersonBP/Maps/ThirdPersonExampleMap.ThirdPersonExampleMap_C' with ClassGeneratedBy '/Game/ThirdPersonBP/Maps/ThirdPersonExampleMap.ThirdPersonExampleMap:PersistentLevel.ThirdPersonExampleMap'
[2017.06.10-11.17.46:696][836]LogBlueprintUserMessages: Late EndPlayMap Detection: Level '/Game/ThirdPersonBP/Maps/ThirdPersonExampleMap.ThirdPersonExampleMap:PersistentLevel' has LevelScriptBlueprint '/Game/ThirdPersonBP/Maps/ThirdPersonExampleMap.ThirdPersonExampleMap:PersistentLevel.ThirdPersonExampleMap' with GeneratedClass '/Game/ThirdPersonBP/Maps/ThirdPersonExampleMap.ThirdPersonExampleMap_C' with ClassGeneratedBy '/Game/ThirdPersonBP/Maps/ThirdPersonExampleMap.ThirdPersonExampleMap:PersistentLevel.ThirdPersonExampleMap'
[2017.06.10-11.27.55:486][396]LogWindows: LaunchURL http://docs.unrealengine.com/latest/INT/Platforms/Android/GettingStarted/index.html?utm_source=editor&utm_medium=docs&utm_campaign=tutorials
[2017.06.10-11.40.44:725][135]LogSlate: Took 0.002304 seconds to synchronously load lazily loaded font '../../../Engine/Content/Slate/Fonts/Roboto-Light.ttf' (159K)
[2017.06.10-11.41.16:484][135]LogSavePackage: Save=15.00ms
[2017.06.10-11.41.16:484][135]LogSavePackage: Moving '../../../../../../Users/Cloud/Documents/Unreal Projects/switch-zen-tower/SwitchZenTowerUE4/Saved/ZenTowerC6B48693472775E6A12E9EA6AFA1DD6A.tmp' to '../../../../../../Users/Cloud/Documents/Unreal Projects/switch-zen-tower/SwitchZenTowerUE4/Content/ThirdPersonBP/Maps/ZenTower.umap'
[2017.06.10-11.41.16:491][135]LogSavePackage:Display: Finished SavePackage ../../../../../../Users/Cloud/Documents/Unreal Projects/switch-zen-tower/SwitchZenTowerUE4/Content/ThirdPersonBP/Maps/ZenTower.umap
[2017.06.10-11.41.16:491][135]LogFileHelpers: Saving map 'ZenTower' took 0.359
[2017.06.10-11.41.16:494][135]LogSlate: Took 0.001221 seconds to synchronously load lazily loaded font '../../../Engine/Content/Slate/Fonts/Roboto-Regular.ttf' (155K)
[2017.06.10-11.41.16:504][135]Cmd: MAP LOAD FILE="../../../../../../Users/Cloud/Documents/Unreal Projects/switch-zen-tower/SwitchZenTowerUE4/Content/ThirdPersonBP/Maps/ZenTower.umap" TEMPLATE=0 SHOWPROGRESS=1 FEATURELEVEL=3
[2017.06.10-11.41.16:504][135]LightingResults: New page: Lighting Build
[2017.06.10-11.41.16:506][135]LoadErrors: New page: Loading map: ZenTower.umap
[2017.06.10-11.41.16:517][135]MapCheck: New page: Map Check
[2017.06.10-11.41.16:517][135]LightingResults: New page: Lighting Build
[2017.06.10-11.41.16:563][135]LogEditorServer: Finished looking for orphan Actors (0.000 secs)
[2017.06.10-11.41.16:565][135]LogAIModule: Creating AISystem for world ZenTower
[2017.06.10-11.41.16:616][135]Cmd: MAP CHECKDEP NOCLEARLOG
[2017.06.10-11.41.16:829][135]MapCheck: Info Map check complete: 0 Error(s), 0 Warning(s), took 211.985ms to complete.
[2017.06.10-11.41.16:830][135]LogFileHelpers: Loading map 'ZenTower' took 0.330
[2017.06.10-11.41.21:051][240]LogActorFactory: Actor Factory created Cube
[2017.06.10-11.41.21:584][255]LogActorFactory: Actor Factory created Cube
[2017.06.10-11.41.31:528][518]Cmd: DELETE
[2017.06.10-11.41.31:528][518]Cmd: ACTOR DELETE
[2017.06.10-11.41.31:540][518]LogEditorActor: Deleted Actor: PointLight
[2017.06.10-11.41.31:590][518]LogEditorActor: Deleted 1 Actors (0.052 secs)
[2017.06.10-11.41.48:776][980]LogEditorViewport: Clicking Background
[2017.06.10-11.41.51:686][ 51]LogEditorViewport: Clicking Background
[2017.06.10-11.41.52:052][ 61]LogEditorViewport: Clicking on Actor (LMB): StaticMeshActor (Cube)
[2017.06.10-11.46.16:866][805]MapCheck: New page: Map Check
[2017.06.10-11.46.16:906][805]LightingResults: New page: Lighting Build - Jun 10, 2017, 3:46:16 PM
[2017.06.10-11.46.17:025][805]LogSwarmInterface: [OpenConnection] Registering TCP channel ...
[2017.06.10-11.46.17:392][805]LogSwarmInterface: [OpenConnection] Connecting to agent ...
[2017.06.10-11.46.17:427][805]LogSwarmInterface: [TryOpenConnection] Testing the Agent
[2017.06.10-11.46.19:016][805]LogSwarmInterface: [TryOpenConnection] Opening Connection to Agent
[2017.06.10-11.46.19:016][805]LogSwarmInterface: [TryOpenConnection] Local Process ID is 7288
[2017.06.10-11.46.28:007][805]LogStaticLightingSystem:Warning: No importance volume found, so the scene bounding box was used.  You can optimize your scene's quality and lighting build times by adding importance volumes.
[2017.06.10-11.46.28:007][805]LogStaticLightingSystem: Running Lightmass w/ ImmediateImport mode ENABLED
[2017.06.10-11.46.28:007][805]LogStaticLightingSystem: Running Lightmass w/ ImmediateProcess mode ENABLED
[2017.06.10-11.46.28:007][805]LogStaticLightingSystem: Running Lightmass w/ Sorting mode ENABLED
[2017.06.10-11.46.28:007][805]LogStaticLightingSystem: Running Lightmass w/ Mapping paddings ENABLED
[2017.06.10-11.46.28:007][805]LogStaticLightingSystem: Running Lightmass w/ Mapping debug paddings DISABLED
[2017.06.10-11.46.28:422][805]LogEditorBuildUtils: Build time 0:11
[2017.06.10-11.46.28:433][805]LogMaterial: Missing cached shader map for material FLightmassMaterialRenderer BasicShapeMaterial, compiling. 
[2017.06.10-11.46.28:450][805]LogMaterial: Missing cached shader map for material FLightmassMaterialRenderer BasicShapeMaterial, compiling. 
[2017.06.10-11.46.28:487][806]LogMaterial: Missing cached shader map for material FLightmassMaterialRenderer WorldGridMaterial, compiling. Is special engine material.
[2017.06.10-11.46.28:509][806]LogMaterial: Missing cached shader map for material FLightmassMaterialRenderer WorldGridMaterial, compiling. Is special engine material.
[2017.06.10-11.46.35:759][894]Job is a success!
[2017.06.10-11.46.35:974][895]LogTexture:Display: Building textures: SkyOcclusion0_1 (AutoDXT, 128X64)
[2017.06.10-11.46.35:975][895]LogTexture:Display: Building textures: HQ_Lightmap0_1 (AutoDXT, 128X128)
[2017.06.10-11.46.35:975][895]LogTexture:Display: Building textures: LQ_Lightmap_0_1 (DXT1, 128X128)
[2017.06.10-11.46.35:975][895]LogTexture:Display: Building textures: ShadowMapTexture2D_0 (G8, 64X64)
[2017.06.10-11.46.36:063][895]Lightmass on CLOUD-THINKPAD: 1.41 sec total, 393 ms importing, 123 ms setup, 216 ms photons, 470 ms processing, 0 ms extra exporting [1/1 mappings]. Threads: 1.82 sec total, 135 ms processing.
[2017.06.10-11.46.36:154][895]LogStaticLightingSystem: Illumination: 19.1 sec (12 ms encoding lightmaps, 17 ms encoding shadowmaps)
[2017.06.10-11.46.36:154][895]LogStaticLightingSystem: Lightmap texture memory:  0.0 MB (0.0 MB streaming, 0.0 MB non-streaming), 2 textures
[2017.06.10-11.46.36:154][895]LogStaticLightingSystem: Shadowmap texture memory: 0.0 MB (0.0 MB streaming, 0.0 MB non-streaming), 1 textures
[2017.06.10-11.46.49:001][895]DumpUnbuiltLightIteractions
[2017.06.10-11.46.49:001][895]Lights with unbuilt interactions: 0
[2017.06.10-11.46.49:001][895]
[2017.06.10-11.46.49:001][895]Primitives with unbuilt interactions: 0
[2017.06.10-11.46.49:135][896]Cmd: MAP CHECK NOTIFYRESULTS
[2017.06.10-11.46.49:135][896]MapCheck: New page: ZenTower - Jun 10, 2017, 3:46:49 PM
[2017.06.10-11.46.49:384][896]MapCheck: Info Map check complete: 0 Error(s), 0 Warning(s), took 249.026ms to complete.
[2017.06.10-11.47.47:678][176]LogAIModule: Creating AISystem for world ThirdPersonExampleMap
[2017.06.10-11.47.50:190][176]LogSavePackage: Save=22.32ms
[2017.06.10-11.47.50:190][176]LogSavePackage: Moving '../../../../../../Users/Cloud/Documents/Unreal Projects/switch-zen-tower/SwitchZenTowerUE4/Saved/ZenTowerFE534AF94293FA99831FF98C0BC2E273.tmp' to '../../../../../../Users/Cloud/Documents/Unreal Projects/switch-zen-tower/SwitchZenTowerUE4/Content/ThirdPersonBP/Maps/ZenTower.umap'
[2017.06.10-11.47.50:195][176]LogSavePackage:Display: Finished SavePackage ../../../../../../Users/Cloud/Documents/Unreal Projects/switch-zen-tower/SwitchZenTowerUE4/Content/ThirdPersonBP/Maps/ZenTower.umap
[2017.06.10-11.47.50:210][176]LogFileHelpers: Saving map 'ZenTower' took 0.399
[2017.06.10-11.47.50:224][176]LogSavePackage: Save=11.20ms
[2017.06.10-11.47.50:224][176]LogSavePackage: Moving '../../../../../../Users/Cloud/Documents/Unreal Projects/switch-zen-tower/SwitchZenTowerUE4/Saved/ZenTower_BuiltDataAB80E4FC489C00070EB9AAA900E7CEFE.tmp' to '../../../../../../Users/Cloud/Documents/Unreal Projects/switch-zen-tower/SwitchZenTowerUE4/Content/ThirdPersonBP/Maps/ZenTower_BuiltData.uasset'
[2017.06.10-11.47.50:229][176]LogSavePackage:Display: Finished SavePackage ../../../../../../Users/Cloud/Documents/Unreal Projects/switch-zen-tower/SwitchZenTowerUE4/Content/ThirdPersonBP/Maps/ZenTower_BuiltData.uasset
[2017.06.10-11.47.50:230][176]LightingResults: New page: Lighting Build
[2017.06.10-11.47.50:231][176]LoadErrors: New page: Loading map: ThirdPersonExampleMap.umap
[2017.06.10-11.47.50:232][176]MapCheck: New page: Map Check
[2017.06.10-11.47.50:232][176]LightingResults: New page: Lighting Build
[2017.06.10-11.47.50:275][176]LogEditorServer: Finished looking for orphan Actors (0.000 secs)
[2017.06.10-11.47.50:323][176]Cmd: MAP CHECKDEP NOCLEARLOG
[2017.06.10-11.47.50:559][176]MapCheck: Info Map check complete: 0 Error(s), 0 Warning(s), took 235.273ms to complete.
[2017.06.10-11.47.50:560][176]LogFileHelpers: Loading map 'ThirdPersonExampleMap' took 0.331
[2017.06.10-11.48.01:371][390]LogAIModule: Creating AISystem for world ZenTower
[2017.06.10-11.48.01:413][390]Cmd: MAP LOAD FILE="../../../../../../Users/Cloud/Documents/Unreal Projects/switch-zen-tower/SwitchZenTowerUE4/Content/ThirdPersonBP/Maps/ZenTower.umap" TEMPLATE=0 SHOWPROGRESS=1 FEATURELEVEL=3
[2017.06.10-11.48.01:413][390]LightingResults: New page: Lighting Build
[2017.06.10-11.48.01:414][390]LoadErrors: New page: Loading map: ZenTower.umap
[2017.06.10-11.48.01:415][390]MapCheck: New page: Map Check
[2017.06.10-11.48.01:415][390]LightingResults: New page: Lighting Build
[2017.06.10-11.48.01:462][390]LogEditorServer: Finished looking for orphan Actors (0.000 secs)
[2017.06.10-11.48.01:512][390]Cmd: MAP CHECKDEP NOCLEARLOG
[2017.06.10-11.48.01:726][390]MapCheck: Info Map check complete: 0 Error(s), 0 Warning(s), took 214.027ms to complete.
[2017.06.10-11.48.01:727][390]LogFileHelpers: Loading map 'ZenTower' took 0.316
[2017.06.10-11.48.34:324][946]LogActorFactory: Actor Factory created Cube
[2017.06.10-11.48.34:813][956]LogActorFactory: Actor Factory created Cube
[2017.06.10-11.49.15:558][830]LogEditorViewport: Clicking on Actor (context menu): StaticMeshActor (Cube2)
[2017.06.10-11.49.16:275][843]LogEditorViewport: Clicking on Actor (LMB): StaticMeshActor (Cube2)
[2017.06.10-11.51.07:600][242]LogActorFactory: Actor Factory created Sphere
[2017.06.10-11.51.08:624][263]LogActorFactory: Actor Factory created Sphere
[2017.06.10-11.53.03:555][598]LogFactory: FactoryCreateFile: Texture with ReimportTextureFactory (0 0 C:\Users\Cloud\Documents\Unreal Projects\switch-zen-tower\SwitchZenTowerUE4\Assets\Textures\stone_test.jpg)
[2017.06.10-11.53.04:548][598]LogTexture:Display: Building textures: stone_test (AutoDXT, 5184X3456)
[2017.06.10-11.54.59:289][958]LogMaterial: Missing cached shader map for material stone_test_Mat, compiling. 
[2017.06.10-11.55.06:847][ 93]LogSlate: Took 0.000529 seconds to synchronously load lazily loaded font '../../../Engine/Content/Slate/Fonts/Roboto-Light.ttf' (159K)
[2017.06.10-11.55.31:632][593]LogSlate: Took 0.004999 seconds to synchronously load lazily loaded font '../../../Engine/Content/Editor/Slate/Fonts/Roboto-Italic.ttf' (157K)
[2017.06.10-11.55.49:687][969]LogEditorViewport: Clicking on Actor (LMB): StaticMeshActor (Sphere)
[2017.06.10-11.55.59:551][154]LogEditorViewport: Clicking on Actor (LMB): StaticMeshActor (Cube)
[2017.06.10-11.56.03:309][224]LogEditorViewport: Clicking on Actor (LMB): StaticMeshActor (Cube)
[2017.06.10-11.57.17:128][801]LogEditorViewport: Clicking on Actor (LMB): StaticMeshActor (Sphere)
[2017.06.10-11.57.18:784][834]LogEditorViewport: Clicking on Actor (LMB): StaticMeshActor (Cube)
[2017.06.10-11.58.07:210][406]LogSavePackage: Save=36.30ms
[2017.06.10-11.58.07:210][406]LogSavePackage: Moving '../../../../../../Users/Cloud/Documents/Unreal Projects/switch-zen-tower/SwitchZenTowerUE4/Saved/ZenTower_Auto122C699A34E17ADAB630863AB8ADEB280.tmp' to '../../../../../../Users/Cloud/Documents/Unreal Projects/switch-zen-tower/SwitchZenTowerUE4/Saved/Autosaves/Game/ThirdPersonBP/Maps/ZenTower_Auto1.umap'
[2017.06.10-11.58.07:212][406]LogSavePackage:Display: Finished SavePackage ../../../../../../Users/Cloud/Documents/Unreal Projects/switch-zen-tower/SwitchZenTowerUE4/Saved/Autosaves/Game/ThirdPersonBP/Maps/ZenTower_Auto1.umap
[2017.06.10-11.58.07:214][406]LogFileHelpers: Editor autosave (incl. sublevels) for '/Game/ThirdPersonBP/Maps/ZenTower' took 0.114
[2017.06.10-11.58.07:214][406]LogFileHelpers: Editor autosave (incl. sublevels) for all levels took 0.114
[2017.06.10-11.58.07:219][406]OBJ SavePackage: Generating thumbnails for [1] asset(s) in package [/Game/Textures/stone_test] ([1] browsable assets)...
[2017.06.10-11.58.07:232][406]OBJ SavePackage:     Rendered thumbnail for [Texture2D /Game/Textures/stone_test.stone_test]
[2017.06.10-11.58.07:232][406]OBJ SavePackage: Finished generating thumbnails for package [/Game/Textures/stone_test]
[2017.06.10-11.58.07:302][406]LogSavePackage: Save=67.02ms
[2017.06.10-11.58.07:302][406]LogSavePackage: Moving '../../../../../../Users/Cloud/Documents/Unreal Projects/switch-zen-tower/SwitchZenTowerUE4/Saved/stone_test_Auto1F8E0E98E4CF643670A805AB8A473C23D.tmp' to '../../../../../../Users/Cloud/Documents/Unreal Projects/switch-zen-tower/SwitchZenTowerUE4/Saved/Autosaves/Game/Textures/stone_test_Auto1.uasset'
[2017.06.10-11.58.07:304][406]LogSavePackage:Display: Finished SavePackage ../../../../../../Users/Cloud/Documents/Unreal Projects/switch-zen-tower/SwitchZenTowerUE4/Saved/Autosaves/Game/Textures/stone_test_Auto1.uasset
[2017.06.10-11.58.07:305][406]OBJ SavePackage: Generating thumbnails for [1] asset(s) in package [/Game/Textures/stone_test_Mat] ([1] browsable assets)...
[2017.06.10-11.58.07:332][406]OBJ SavePackage:     Rendered thumbnail for [Material /Game/Textures/stone_test_Mat.stone_test_Mat]
[2017.06.10-11.58.07:332][406]OBJ SavePackage: Finished generating thumbnails for package [/Game/Textures/stone_test_Mat]
[2017.06.10-11.58.07:365][406]LogSavePackage: Save=30.62ms
[2017.06.10-11.58.07:365][406]LogSavePackage: Moving '../../../../../../Users/Cloud/Documents/Unreal Projects/switch-zen-tower/SwitchZenTowerUE4/Saved/stone_test_Mat_Auto15FACA59C41E1411D362D47A179D19899.tmp' to '../../../../../../Users/Cloud/Documents/Unreal Projects/switch-zen-tower/SwitchZenTowerUE4/Saved/Autosaves/Game/Textures/stone_test_Mat_Auto1.uasset'
[2017.06.10-11.58.07:367][406]LogSavePackage:Display: Finished SavePackage ../../../../../../Users/Cloud/Documents/Unreal Projects/switch-zen-tower/SwitchZenTowerUE4/Saved/Autosaves/Game/Textures/stone_test_Mat_Auto1.uasset
[2017.06.10-11.58.07:367][406]LogFileHelpers: Auto-saving content packages took 0.150
[2017.06.10-11.59.36:500][203]LogTemp: Repeting last play command: Selected Viewport
[2017.06.10-11.59.36:525][203]LogPlayLevel: PlayLevel: No blueprints needed recompiling
[2017.06.10-11.59.36:525][203]PIE: New page: PIE session: ZenTower (Jun 10, 2017, 3:59:36 PM)
[2017.06.10-11.59.36:525][203]LogPlayLevel: Creating play world package: /Game/ThirdPersonBP/Maps/UEDPIE_0_ZenTower
[2017.06.10-11.59.36:528][203]LogPlayLevel: PIE: StaticDuplicateObject took: (0.002467s)
[2017.06.10-11.59.36:529][203]LogAIModule: Creating AISystem for world ZenTower
[2017.06.10-11.59.36:530][203]LogPlayLevel: PIE: World Init took: (0.001952s)
[2017.06.10-11.59.36:530][203]LogPlayLevel: PIE: Created PIE world by copying editor world from /Game/ThirdPersonBP/Maps/ZenTower.ZenTower to /Game/ThirdPersonBP/Maps/UEDPIE_0_ZenTower.ZenTower (0.005118s)
[2017.06.10-11.59.36:606][203]LogInit: XAudio2 using 'Lautsprecher/Kopfhörer (Realtek High Definition Audio)' : 2 channels at 48 kHz using 32 bits per sample (channel mask 0x3)
[2017.06.10-11.59.36:625][203]LogInit: FAudioDevice initialized.
[2017.06.10-11.59.36:661][203]LogLoad: Game class is 'ThirdPersonGameMode_C'
[2017.06.10-11.59.36:663][203]LogWorld: Bringing World /Game/ThirdPersonBP/Maps/UEDPIE_0_ZenTower.ZenTower up for play (max tick rate 60) at 2017.06.10-13.59.36
[2017.06.10-11.59.36:663][203]LogWorld: Bringing up level for play took: 0.001890
[2017.06.10-11.59.36:669][203]PIE: Info Play in editor start time for /Game/ThirdPersonBP/Maps/UEDPIE_0_ZenTower -0.373
[2017.06.10-11.59.57:361][715]LogNavigationPoint: PostEditMove Clear paths rebuilt
[2017.06.10-12.00.00:952][787]LogTemp: Repeting last play command: Selected Viewport
[2017.06.10-12.00.00:979][787]LogPlayLevel: PlayLevel: No blueprints needed recompiling
[2017.06.10-12.00.00:980][787]PIE: New page: PIE session: ZenTower (Jun 10, 2017, 4:00:00 PM)
[2017.06.10-12.00.00:980][787]LogPlayLevel: Creating play world package: /Game/ThirdPersonBP/Maps/UEDPIE_0_ZenTower
[2017.06.10-12.00.00:982][787]LogPlayLevel: PIE: StaticDuplicateObject took: (0.002618s)
[2017.06.10-12.00.00:983][787]LogAIModule: Creating AISystem for world ZenTower
[2017.06.10-12.00.00:984][787]LogPlayLevel: PIE: World Init took: (0.001474s)
[2017.06.10-12.00.00:984][787]LogPlayLevel: PIE: Created PIE world by copying editor world from /Game/ThirdPersonBP/Maps/ZenTower.ZenTower to /Game/ThirdPersonBP/Maps/UEDPIE_0_ZenTower.ZenTower (0.004498s)
[2017.06.10-12.00.01:049][787]LogInit: XAudio2 using 'Lautsprecher/Kopfhörer (Realtek High Definition Audio)' : 2 channels at 48 kHz using 32 bits per sample (channel mask 0x3)
[2017.06.10-12.00.01:069][787]LogInit: FAudioDevice initialized.
[2017.06.10-12.00.01:103][787]LogLoad: Game class is 'ThirdPersonGameMode_C'
[2017.06.10-12.00.01:106][787]LogWorld: Bringing World /Game/ThirdPersonBP/Maps/UEDPIE_0_ZenTower.ZenTower up for play (max tick rate 60) at 2017.06.10-14.00.01
[2017.06.10-12.00.01:106][787]LogWorld: Bringing up level for play took: 0.002091
[2017.06.10-12.00.01:109][787]PIE: Info Play in editor start time for /Game/ThirdPersonBP/Maps/UEDPIE_0_ZenTower 0.067
[2017.06.10-12.00.23:428][365]LogTemp: Repeting last play command: Selected Viewport
[2017.06.10-12.00.23:457][365]LogPlayLevel: PlayLevel: No blueprints needed recompiling
[2017.06.10-12.00.23:457][365]PIE: New page: PIE session: ZenTower (Jun 10, 2017, 4:00:23 PM)
[2017.06.10-12.00.23:457][365]LogPlayLevel: Creating play world package: /Game/ThirdPersonBP/Maps/UEDPIE_0_ZenTower
[2017.06.10-12.00.23:464][365]LogPlayLevel: PIE: StaticDuplicateObject took: (0.006283s)
[2017.06.10-12.00.23:467][365]LogAIModule: Creating AISystem for world ZenTower
[2017.06.10-12.00.23:468][365]LogPlayLevel: PIE: World Init took: (0.004102s)
[2017.06.10-12.00.23:469][365]LogPlayLevel: PIE: Created PIE world by copying editor world from /Game/ThirdPersonBP/Maps/ZenTower.ZenTower to /Game/ThirdPersonBP/Maps/UEDPIE_0_ZenTower.ZenTower (0.011311s)
[2017.06.10-12.00.23:529][365]LogInit: XAudio2 using 'Lautsprecher/Kopfhörer (Realtek High Definition Audio)' : 2 channels at 48 kHz using 32 bits per sample (channel mask 0x3)
[2017.06.10-12.00.23:546][365]LogInit: FAudioDevice initialized.
[2017.06.10-12.00.23:579][365]LogLoad: Game class is 'ThirdPersonGameMode_C'
[2017.06.10-12.00.23:582][365]LogWorld: Bringing World /Game/ThirdPersonBP/Maps/UEDPIE_0_ZenTower.ZenTower up for play (max tick rate 60) at 2017.06.10-14.00.23
[2017.06.10-12.00.23:582][365]LogWorld: Bringing up level for play took: 0.002207
[2017.06.10-12.00.23:586][365]PIE: Info Play in editor start time for /Game/ThirdPersonBP/Maps/UEDPIE_0_ZenTower 0.543
[2017.06.10-12.01.18:883][903]LogTemp: Repeting last play command: Selected Viewport
[2017.06.10-12.01.18:907][903]LogPlayLevel: PlayLevel: No blueprints needed recompiling
[2017.06.10-12.01.18:908][903]PIE: New page: PIE session: ZenTower (Jun 10, 2017, 4:01:18 PM)
[2017.06.10-12.01.18:908][903]LogPlayLevel: Creating play world package: /Game/ThirdPersonBP/Maps/UEDPIE_0_ZenTower
[2017.06.10-12.01.18:911][903]LogPlayLevel: PIE: StaticDuplicateObject took: (0.003311s)
[2017.06.10-12.01.18:912][903]LogAIModule: Creating AISystem for world ZenTower
[2017.06.10-12.01.18:913][903]LogPlayLevel: PIE: World Init took: (0.001403s)
[2017.06.10-12.01.18:913][903]LogPlayLevel: PIE: Created PIE world by copying editor world from /Game/ThirdPersonBP/Maps/ZenTower.ZenTower to /Game/ThirdPersonBP/Maps/UEDPIE_0_ZenTower.ZenTower (0.005083s)
[2017.06.10-12.01.18:982][903]LogInit: XAudio2 using 'Lautsprecher/Kopfhörer (Realtek High Definition Audio)' : 2 channels at 48 kHz using 32 bits per sample (channel mask 0x3)
[2017.06.10-12.01.19:005][903]LogInit: FAudioDevice initialized.
[2017.06.10-12.01.19:042][903]LogLoad: Game class is 'ThirdPersonGameMode_C'
[2017.06.10-12.01.19:045][903]LogWorld: Bringing World /Game/ThirdPersonBP/Maps/UEDPIE_0_ZenTower.ZenTower up for play (max tick rate 60) at 2017.06.10-14.01.19
[2017.06.10-12.01.19:045][903]LogWorld: Bringing up level for play took: 0.001905
[2017.06.10-12.01.19:048][903]PIE: Info Play in editor start time for /Game/ThirdPersonBP/Maps/UEDPIE_0_ZenTower 0.003
[2017.06.10-12.02.03:422][ 57]LogSavePackage: Save=42.48ms
[2017.06.10-12.02.03:422][ 57]LogSavePackage: Moving '../../../../../../Users/Cloud/Documents/Unreal Projects/switch-zen-tower/SwitchZenTowerUE4/Saved/ZenTower28580B72480467D0ABF61BB48DAC9569.tmp' to '../../../../../../Users/Cloud/Documents/Unreal Projects/switch-zen-tower/SwitchZenTowerUE4/Content/ThirdPersonBP/Maps/ZenTower.umap'
[2017.06.10-12.02.03:426][ 57]LogSavePackage:Display: Finished SavePackage ../../../../../../Users/Cloud/Documents/Unreal Projects/switch-zen-tower/SwitchZenTowerUE4/Content/ThirdPersonBP/Maps/ZenTower.umap
[2017.06.10-12.02.03:465][ 57]LogSavePackage: Save=13.56ms
[2017.06.10-12.02.03:465][ 57]LogSavePackage: Moving '../../../../../../Users/Cloud/Documents/Unreal Projects/switch-zen-tower/SwitchZenTowerUE4/Saved/ZenTower_BuiltData58B83FF847AF447B4D4178BB7BBA3725.tmp' to '../../../../../../Users/Cloud/Documents/Unreal Projects/switch-zen-tower/SwitchZenTowerUE4/Content/ThirdPersonBP/Maps/ZenTower_BuiltData.uasset'
[2017.06.10-12.02.03:467][ 57]LogSavePackage:Display: Finished SavePackage ../../../../../../Users/Cloud/Documents/Unreal Projects/switch-zen-tower/SwitchZenTowerUE4/Content/ThirdPersonBP/Maps/ZenTower_BuiltData.uasset
[2017.06.10-12.02.05:702][ 99]LogSavePackage: Save=42.08ms
[2017.06.10-12.02.05:702][ 99]LogSavePackage: Moving '../../../../../../Users/Cloud/Documents/Unreal Projects/switch-zen-tower/SwitchZenTowerUE4/Saved/ZenTowerC2B07B7A43233E5AC6D59F96967740E8.tmp' to '../../../../../../Users/Cloud/Documents/Unreal Projects/switch-zen-tower/SwitchZenTowerUE4/Content/ThirdPersonBP/Maps/ZenTower.umap'
[2017.06.10-12.02.05:705][ 99]LogSavePackage:Display: Finished SavePackage ../../../../../../Users/Cloud/Documents/Unreal Projects/switch-zen-tower/SwitchZenTowerUE4/Content/ThirdPersonBP/Maps/ZenTower.umap
[2017.06.10-12.02.05:739][ 99]LogSavePackage: Save=10.71ms
[2017.06.10-12.02.05:739][ 99]LogSavePackage: Moving '../../../../../../Users/Cloud/Documents/Unreal Projects/switch-zen-tower/SwitchZenTowerUE4/Saved/ZenTower_BuiltDataA490245B4D1A1757533A6AAF30421AE1.tmp' to '../../../../../../Users/Cloud/Documents/Unreal Projects/switch-zen-tower/SwitchZenTowerUE4/Content/ThirdPersonBP/Maps/ZenTower_BuiltData.uasset'
[2017.06.10-12.02.05:742][ 99]LogSavePackage:Display: Finished SavePackage ../../../../../../Users/Cloud/Documents/Unreal Projects/switch-zen-tower/SwitchZenTowerUE4/Content/ThirdPersonBP/Maps/ZenTower_BuiltData.uasset
[2017.06.10-12.02.12:864][237]Cmd: OBJ SAVEPACKAGE PACKAGE="/Game/Textures/stone_test" FILE="../../../../../../Users/Cloud/Documents/Unreal Projects/switch-zen-tower/SwitchZenTowerUE4/Content/Textures/stone_test.uasset" SILENT=true
[2017.06.10-12.02.18:512][237]LogSavePackage: Save=5645.69ms
[2017.06.10-12.02.18:512][237]LogSavePackage: Moving '../../../../../../Users/Cloud/Documents/Unreal Projects/switch-zen-tower/SwitchZenTowerUE4/Saved/stone_testBBD16C8E4CF5C028B91A28B24EAC4DB6.tmp' to '../../../../../../Users/Cloud/Documents/Unreal Projects/switch-zen-tower/SwitchZenTowerUE4/Content/Textures/stone_test.uasset'
[2017.06.10-12.02.18:516][237]LogSavePackage:Display: Finished SavePackage ../../../../../../Users/Cloud/Documents/Unreal Projects/switch-zen-tower/SwitchZenTowerUE4/Content/Textures/stone_test.uasset
[2017.06.10-12.02.18:575][237]LogSavePackage: Save=27.49ms
[2017.06.10-12.02.18:576][237]LogSavePackage: Moving '../../../../../../Users/Cloud/Documents/Unreal Projects/switch-zen-tower/SwitchZenTowerUE4/Saved/stone_test_MatD6A13322479CAB228013D4BF68AAAE67.tmp' to '../../../../../../Users/Cloud/Documents/Unreal Projects/switch-zen-tower/SwitchZenTowerUE4/Content/Textures/stone_test_Mat.uasset'
[2017.06.10-12.02.18:579][237]LogSavePackage:Display: Finished SavePackage ../../../../../../Users/Cloud/Documents/Unreal Projects/switch-zen-tower/SwitchZenTowerUE4/Content/Textures/stone_test_Mat.uasset
[2017.06.10-12.05.40:628][966]LogTemp: Repeting last play command: Selected Viewport
[2017.06.10-12.05.40:654][966]LogPlayLevel: PlayLevel: No blueprints needed recompiling
[2017.06.10-12.05.40:654][966]PIE: New page: PIE session: ZenTower (Jun 10, 2017, 4:05:40 PM)
[2017.06.10-12.05.40:654][966]LogPlayLevel: Creating play world package: /Game/ThirdPersonBP/Maps/UEDPIE_0_ZenTower
[2017.06.10-12.05.40:657][966]LogPlayLevel: PIE: StaticDuplicateObject took: (0.002849s)
[2017.06.10-12.05.40:659][966]LogAIModule: Creating AISystem for world ZenTower
[2017.06.10-12.05.40:661][966]LogPlayLevel: PIE: World Init took: (0.003390s)
[2017.06.10-12.05.40:661][966]LogPlayLevel: PIE: Created PIE world by copying editor world from /Game/ThirdPersonBP/Maps/ZenTower.ZenTower to /Game/ThirdPersonBP/Maps/UEDPIE_0_ZenTower.ZenTower (0.006922s)
[2017.06.10-12.05.40:727][966]LogInit: XAudio2 using 'Lautsprecher/Kopfhörer (Realtek High Definition Audio)' : 2 channels at 48 kHz using 32 bits per sample (channel mask 0x3)
[2017.06.10-12.05.40:745][966]LogInit: FAudioDevice initialized.
[2017.06.10-12.05.40:782][966]LogLoad: Game class is 'ThirdPersonGameMode_C'
[2017.06.10-12.05.40:785][966]LogWorld: Bringing World /Game/ThirdPersonBP/Maps/UEDPIE_0_ZenTower.ZenTower up for play (max tick rate 60) at 2017.06.10-14.05.40
[2017.06.10-12.05.40:785][966]LogWorld: Bringing up level for play took: 0.001780
[2017.06.10-12.05.40:788][966]PIE: Info Play in editor start time for /Game/ThirdPersonBP/Maps/UEDPIE_0_ZenTower -0.263
